<?xml version="1.0" encoding="UTF-8"?>
<!-- Generated by org.testng.reporters.JUnitReportReporter -->
<testsuite hostname="JOHAN" failures="0" tests="1" name="Testcases.LoginApplicationPF" time="34.233" errors="0" timestamp="2022-08-05T13:10:21 IST" skipped="0">
  <testcase classname="Testcases.LoginApplicationPF" name="login" time="34.233"/>
  <system-out/>
</testsuite> <!-- Testcases.LoginApplicationPF -->
