<?xml version="1.0" encoding="UTF-8"?>
<!-- Generated by org.testng.reporters.JUnitReportReporter -->
<testsuite hostname="JOHAN" failures="0" tests="1" name="Testcases.LoginApplication" time="45.656" errors="0" timestamp="2022-08-05T12:43:17 IST" skipped="0">
  <testcase classname="Testcases.LoginApplication" name="login" time="45.656"/>
  <system-out/>
</testsuite> <!-- Testcases.LoginApplication -->
