<?xml version="1.0" encoding="UTF-8"?>
<!-- Generated by org.testng.reporters.JUnitReportReporter -->
<testsuite hostname="JOHAN" failures="0" tests="1" name="Academy.ValidateNavigationBar" time="0.149" errors="0" timestamp="2022-08-08T12:23:44 IST" skipped="0">
  <testcase classname="Academy.ValidateNavigationBar" name="basePageNavigation" time="0.149"/>
  <system-out/>
</testsuite> <!-- Academy.ValidateNavigationBar -->
