<?xml version="1.0" encoding="UTF-8"?>
<!-- Generated by org.testng.reporters.JUnitReportReporter -->
<testsuite hostname="JOHAN" failures="0" tests="1" name="RSATest" time="13.331" errors="0" timestamp="2022-08-09T15:09:04 IST" skipped="0">
  <testcase classname="RSATest" name="HomePageCheck" time="13.331"/>
  <system-out/>
</testsuite> <!-- RSATest -->
