<?xml version="1.0" encoding="UTF-8"?>
<!-- Generated by org.testng.reporters.JUnitReportReporter -->
<testsuite hostname="JOHAN" failures="0" tests="2" name="Academy.HomePage" time="9.176" errors="0" timestamp="2022-08-07T13:29:11 IST" skipped="0">
  <testcase classname="Academy.HomePage" name="basePageNavigation" time="3.078"/>
  <system-out/>
  <testcase classname="Academy.HomePage" name="basePageNavigation" time="6.098"/>
  <system-out/>
</testsuite> <!-- Academy.HomePage -->
