<?xml version="1.0" encoding="UTF-8"?>
<!-- Generated by org.testng.reporters.JUnitReportReporter -->
<testsuite hostname="JOHAN" failures="0" tests="1" name="Academy.ValidateNavigationBar" time="0.280" errors="0" timestamp="2022-08-07T13:29:11 IST" skipped="0">
  <testcase classname="Academy.ValidateNavigationBar" name="basePageNavigation" time="0.280"/>
  <system-out/>
</testsuite> <!-- Academy.ValidateNavigationBar -->
