<?xml version="1.0" encoding="UTF-8"?>
<!-- Generated by org.testng.reporters.JUnitReportReporter -->
<testsuite hostname="JOHAN" failures="0" tests="2" name="qaclickacademy.Mavenjava.ApiumTest" time="0.001" errors="0" timestamp="2022-08-03T15:39:59 IST" skipped="0">
  <testcase classname="qaclickacademy.Mavenjava.ApiumTest" name="nativeAppAndroid" time="0.000"/>
  <system-out/>
  <testcase classname="qaclickacademy.Mavenjava.ApiumTest" name="IOSApps" time="0.001"/>
  <system-out/>
</testsuite> <!-- qaclickacademy.Mavenjava.ApiumTest -->
