<?xml version="1.0" encoding="UTF-8"?>
<!-- Generated by org.testng.reporters.JUnitReportReporter -->
<testsuite hostname="JOHAN" failures="0" tests="8" name="test.DemoProgram3" time="0.029" errors="0" timestamp="2022-08-03T10:16:10 IST" skipped="1">
  <testcase classname="test.DemoProgram3" name="MobileSignOutCarLoan" time="0.009"/>
  <system-out/>
  <testcase classname="test.DemoProgram3" name="MobileLogOutCarLoan" time="0.007"/>
  <system-out/>
  <testcase classname="test.DemoProgram3" name="MobileSignOutCarLoan" time="0.002"/>
  <system-out/>
  <testcase classname="test.DemoProgram3" name="WebLogInCarLoan" time="0.003"/>
  <system-out/>
  <testcase classname="test.DemoProgram3" name="MobileLogInCarLoan" time="0.004"/>
  <system-out/>
  <testcase classname="test.DemoProgram3" name="MobileSignOutCarLoan" time="0.003"/>
  <system-out/>
  <testcase classname="test.DemoProgram3" name="APILogInCarLoan" time="0.001"/>
  <system-out/>
  <testcase classname="test.DemoProgram3" name="MobileSignInCarLoan">
    <skipped/>
  </testcase> <!-- MobileSignInCarLoan -->
  <system-out/>
</testsuite> <!-- test.DemoProgram3 -->
