<?xml version="1.0" encoding="UTF-8"?>
<!-- Generated by org.testng.reporters.JUnitReportReporter -->
<testsuite hostname="JOHAN" failures="0" tests="1" name="test.DemoProgram2" time="0.002" errors="0" timestamp="2022-08-03T10:16:10 IST" skipped="0">
  <testcase classname="test.DemoProgram2" name="PersonalLoan" time="0.002"/>
  <system-out/>
</testsuite> <!-- test.DemoProgram2 -->
