<?xml version="1.0" encoding="UTF-8"?>
<!-- Generated by org.testng.reporters.JUnitReportReporter -->
<testsuite hostname="JOHAN" failures="0" tests="3" name="test.DemoProgram4" time="0.004" errors="0" timestamp="2022-08-03T10:16:10 IST" skipped="0">
  <testcase classname="test.DemoProgram4" name="APILogInHomeLoan" time="0.001"/>
  <system-out/>
  <testcase classname="test.DemoProgram4" name="WebLogInHomeLoan" time="0.001"/>
  <system-out/>
  <testcase classname="test.DemoProgram4" name="MobileLogInHomeLoan" time="0.002"/>
  <system-out/>
</testsuite> <!-- test.DemoProgram4 -->
