<?xml version="1.0" encoding="UTF-8"?>
<!-- Generated by org.testng.reporters.JUnitReportReporter -->
<testsuite hostname="JOHAN" failures="0" tests="2" name="Academy.HomePage" time="8.823" errors="0" timestamp="2022-08-08T15:07:50 IST" skipped="0">
  <testcase classname="Academy.HomePage" name="basePageNavigation" time="5.694"/>
  <system-out/>
  <testcase classname="Academy.HomePage" name="basePageNavigation" time="3.129"/>
  <system-out/>
</testsuite> <!-- Academy.HomePage -->
