<?xml version="1.0" encoding="UTF-8"?>
<!-- Generated by org.testng.reporters.JUnitReportReporter -->
<testsuite hostname="JOHAN" failures="0" tests="1" name="qaclickacademy.ExtentReports.ExtentReportDemo" time="7.152" errors="0" timestamp="2022-08-04T12:47:29 IST" skipped="0">
  <testcase classname="qaclickacademy.ExtentReports.ExtentReportDemo" name="initialDemo" time="7.152"/>
  <system-out/>
</testsuite> <!-- qaclickacademy.ExtentReports.ExtentReportDemo -->
